Determining if the pthread_create exist failed with the following output:
Change Dir: /home/salaceri/robotica_ws/build/robot_gazebo/CMakeFiles/CMakeTmp

Run Build Command:"/usr/bin/make" "cmTC_6d662/fast"
/usr/bin/make -f CMakeFiles/cmTC_6d662.dir/build.make CMakeFiles/cmTC_6d662.dir/build
make[1]: Entering directory '/home/salaceri/robotica_ws/build/robot_gazebo/CMakeFiles/CMakeTmp'
Building C object CMakeFiles/cmTC_6d662.dir/CheckSymbolExists.c.o
/usr/bin/cc     -o CMakeFiles/cmTC_6d662.dir/CheckSymbolExists.c.o   -c /home/salaceri/robotica_ws/build/robot_gazebo/CMakeFiles/CMakeTmp/CheckSymbolExists.c
Linking C executable cmTC_6d662
/usr/bin/cmake -E cmake_link_script CMakeFiles/cmTC_6d662.dir/link.txt --verbose=1
/usr/bin/cc       CMakeFiles/cmTC_6d662.dir/CheckSymbolExists.c.o  -o cmTC_6d662 -rdynamic 
CMakeFiles/cmTC_6d662.dir/CheckSymbolExists.c.o: In function `main':
CheckSymbolExists.c:(.text+0x16): undefined reference to `pthread_create'
collect2: error: ld returned 1 exit status
CMakeFiles/cmTC_6d662.dir/build.make:97: recipe for target 'cmTC_6d662' failed
make[1]: *** [cmTC_6d662] Error 1
make[1]: Leaving directory '/home/salaceri/robotica_ws/build/robot_gazebo/CMakeFiles/CMakeTmp'
Makefile:126: recipe for target 'cmTC_6d662/fast' failed
make: *** [cmTC_6d662/fast] Error 2

File /home/salaceri/robotica_ws/build/robot_gazebo/CMakeFiles/CMakeTmp/CheckSymbolExists.c:
/* */
#include <pthread.h>

int main(int argc, char** argv)
{
  (void)argv;
#ifndef pthread_create
  return ((int*)(&pthread_create))[argc];
#else
  (void)argc;
  return 0;
#endif
}

Determining if the function pthread_create exists in the pthreads failed with the following output:
Change Dir: /home/salaceri/robotica_ws/build/robot_gazebo/CMakeFiles/CMakeTmp

Run Build Command:"/usr/bin/make" "cmTC_488b5/fast"
/usr/bin/make -f CMakeFiles/cmTC_488b5.dir/build.make CMakeFiles/cmTC_488b5.dir/build
make[1]: Entering directory '/home/salaceri/robotica_ws/build/robot_gazebo/CMakeFiles/CMakeTmp'
Building C object CMakeFiles/cmTC_488b5.dir/CheckFunctionExists.c.o
/usr/bin/cc    -DCHECK_FUNCTION_EXISTS=pthread_create   -o CMakeFiles/cmTC_488b5.dir/CheckFunctionExists.c.o   -c /usr/share/cmake-3.5/Modules/CheckFunctionExists.c
Linking C executable cmTC_488b5
/usr/bin/cmake -E cmake_link_script CMakeFiles/cmTC_488b5.dir/link.txt --verbose=1
/usr/bin/cc   -DCHECK_FUNCTION_EXISTS=pthread_create    CMakeFiles/cmTC_488b5.dir/CheckFunctionExists.c.o  -o cmTC_488b5 -rdynamic -lpthreads 
/usr/bin/ld: cannot find -lpthreads
collect2: error: ld returned 1 exit status
CMakeFiles/cmTC_488b5.dir/build.make:97: recipe for target 'cmTC_488b5' failed
make[1]: *** [cmTC_488b5] Error 1
make[1]: Leaving directory '/home/salaceri/robotica_ws/build/robot_gazebo/CMakeFiles/CMakeTmp'
Makefile:126: recipe for target 'cmTC_488b5/fast' failed
make: *** [cmTC_488b5/fast] Error 2


