Determining if the pthread_create exist failed with the following output:
Change Dir: /home/salaceri/robotica_ws/build/robot_control/CMakeFiles/CMakeTmp

Run Build Command:"/usr/bin/make" "cmTC_d9fbd/fast"
/usr/bin/make -f CMakeFiles/cmTC_d9fbd.dir/build.make CMakeFiles/cmTC_d9fbd.dir/build
make[1]: Entering directory '/home/salaceri/robotica_ws/build/robot_control/CMakeFiles/CMakeTmp'
Building C object CMakeFiles/cmTC_d9fbd.dir/CheckSymbolExists.c.o
/usr/bin/cc     -o CMakeFiles/cmTC_d9fbd.dir/CheckSymbolExists.c.o   -c /home/salaceri/robotica_ws/build/robot_control/CMakeFiles/CMakeTmp/CheckSymbolExists.c
Linking C executable cmTC_d9fbd
/usr/bin/cmake -E cmake_link_script CMakeFiles/cmTC_d9fbd.dir/link.txt --verbose=1
/usr/bin/cc       CMakeFiles/cmTC_d9fbd.dir/CheckSymbolExists.c.o  -o cmTC_d9fbd -rdynamic 
CMakeFiles/cmTC_d9fbd.dir/CheckSymbolExists.c.o: In function `main':
CheckSymbolExists.c:(.text+0x16): undefined reference to `pthread_create'
collect2: error: ld returned 1 exit status
CMakeFiles/cmTC_d9fbd.dir/build.make:97: recipe for target 'cmTC_d9fbd' failed
make[1]: *** [cmTC_d9fbd] Error 1
make[1]: Leaving directory '/home/salaceri/robotica_ws/build/robot_control/CMakeFiles/CMakeTmp'
Makefile:126: recipe for target 'cmTC_d9fbd/fast' failed
make: *** [cmTC_d9fbd/fast] Error 2

File /home/salaceri/robotica_ws/build/robot_control/CMakeFiles/CMakeTmp/CheckSymbolExists.c:
/* */
#include <pthread.h>

int main(int argc, char** argv)
{
  (void)argv;
#ifndef pthread_create
  return ((int*)(&pthread_create))[argc];
#else
  (void)argc;
  return 0;
#endif
}

Determining if the function pthread_create exists in the pthreads failed with the following output:
Change Dir: /home/salaceri/robotica_ws/build/robot_control/CMakeFiles/CMakeTmp

Run Build Command:"/usr/bin/make" "cmTC_e36a7/fast"
/usr/bin/make -f CMakeFiles/cmTC_e36a7.dir/build.make CMakeFiles/cmTC_e36a7.dir/build
make[1]: Entering directory '/home/salaceri/robotica_ws/build/robot_control/CMakeFiles/CMakeTmp'
Building C object CMakeFiles/cmTC_e36a7.dir/CheckFunctionExists.c.o
/usr/bin/cc    -DCHECK_FUNCTION_EXISTS=pthread_create   -o CMakeFiles/cmTC_e36a7.dir/CheckFunctionExists.c.o   -c /usr/share/cmake-3.5/Modules/CheckFunctionExists.c
Linking C executable cmTC_e36a7
/usr/bin/cmake -E cmake_link_script CMakeFiles/cmTC_e36a7.dir/link.txt --verbose=1
/usr/bin/cc   -DCHECK_FUNCTION_EXISTS=pthread_create    CMakeFiles/cmTC_e36a7.dir/CheckFunctionExists.c.o  -o cmTC_e36a7 -rdynamic -lpthreads 
/usr/bin/ld: cannot find -lpthreads
collect2: error: ld returned 1 exit status
CMakeFiles/cmTC_e36a7.dir/build.make:97: recipe for target 'cmTC_e36a7' failed
make[1]: *** [cmTC_e36a7] Error 1
make[1]: Leaving directory '/home/salaceri/robotica_ws/build/robot_control/CMakeFiles/CMakeTmp'
Makefile:126: recipe for target 'cmTC_e36a7/fast' failed
make: *** [cmTC_e36a7/fast] Error 2


