Determining if the pthread_create exist failed with the following output:
Change Dir: /home/salaceri/robotica_ws/build/rrbot_gazebo/CMakeFiles/CMakeTmp

Run Build Command:"/usr/bin/make" "cmTC_f670c/fast"
/usr/bin/make -f CMakeFiles/cmTC_f670c.dir/build.make CMakeFiles/cmTC_f670c.dir/build
make[1]: Entering directory '/home/salaceri/robotica_ws/build/rrbot_gazebo/CMakeFiles/CMakeTmp'
Building C object CMakeFiles/cmTC_f670c.dir/CheckSymbolExists.c.o
/usr/bin/cc     -o CMakeFiles/cmTC_f670c.dir/CheckSymbolExists.c.o   -c /home/salaceri/robotica_ws/build/rrbot_gazebo/CMakeFiles/CMakeTmp/CheckSymbolExists.c
Linking C executable cmTC_f670c
/usr/bin/cmake -E cmake_link_script CMakeFiles/cmTC_f670c.dir/link.txt --verbose=1
/usr/bin/cc       CMakeFiles/cmTC_f670c.dir/CheckSymbolExists.c.o  -o cmTC_f670c -rdynamic 
CMakeFiles/cmTC_f670c.dir/CheckSymbolExists.c.o: In function `main':
CheckSymbolExists.c:(.text+0x16): undefined reference to `pthread_create'
collect2: error: ld returned 1 exit status
CMakeFiles/cmTC_f670c.dir/build.make:97: recipe for target 'cmTC_f670c' failed
make[1]: *** [cmTC_f670c] Error 1
make[1]: Leaving directory '/home/salaceri/robotica_ws/build/rrbot_gazebo/CMakeFiles/CMakeTmp'
Makefile:126: recipe for target 'cmTC_f670c/fast' failed
make: *** [cmTC_f670c/fast] Error 2

File /home/salaceri/robotica_ws/build/rrbot_gazebo/CMakeFiles/CMakeTmp/CheckSymbolExists.c:
/* */
#include <pthread.h>

int main(int argc, char** argv)
{
  (void)argv;
#ifndef pthread_create
  return ((int*)(&pthread_create))[argc];
#else
  (void)argc;
  return 0;
#endif
}

Determining if the function pthread_create exists in the pthreads failed with the following output:
Change Dir: /home/salaceri/robotica_ws/build/rrbot_gazebo/CMakeFiles/CMakeTmp

Run Build Command:"/usr/bin/make" "cmTC_1d1bf/fast"
/usr/bin/make -f CMakeFiles/cmTC_1d1bf.dir/build.make CMakeFiles/cmTC_1d1bf.dir/build
make[1]: Entering directory '/home/salaceri/robotica_ws/build/rrbot_gazebo/CMakeFiles/CMakeTmp'
Building C object CMakeFiles/cmTC_1d1bf.dir/CheckFunctionExists.c.o
/usr/bin/cc    -DCHECK_FUNCTION_EXISTS=pthread_create   -o CMakeFiles/cmTC_1d1bf.dir/CheckFunctionExists.c.o   -c /usr/share/cmake-3.5/Modules/CheckFunctionExists.c
Linking C executable cmTC_1d1bf
/usr/bin/cmake -E cmake_link_script CMakeFiles/cmTC_1d1bf.dir/link.txt --verbose=1
/usr/bin/cc   -DCHECK_FUNCTION_EXISTS=pthread_create    CMakeFiles/cmTC_1d1bf.dir/CheckFunctionExists.c.o  -o cmTC_1d1bf -rdynamic -lpthreads 
/usr/bin/ld: cannot find -lpthreads
collect2: error: ld returned 1 exit status
CMakeFiles/cmTC_1d1bf.dir/build.make:97: recipe for target 'cmTC_1d1bf' failed
make[1]: *** [cmTC_1d1bf] Error 1
make[1]: Leaving directory '/home/salaceri/robotica_ws/build/rrbot_gazebo/CMakeFiles/CMakeTmp'
Makefile:126: recipe for target 'cmTC_1d1bf/fast' failed
make: *** [cmTC_1d1bf/fast] Error 2


