Determining if the pthread_create exist failed with the following output:
Change Dir: /home/salaceri/robotica_ws/build/gazebo_tutorials/CMakeFiles/CMakeTmp

Run Build Command:"/usr/bin/make" "cmTC_05fcb/fast"
/usr/bin/make -f CMakeFiles/cmTC_05fcb.dir/build.make CMakeFiles/cmTC_05fcb.dir/build
make[1]: Entering directory '/home/salaceri/robotica_ws/build/gazebo_tutorials/CMakeFiles/CMakeTmp'
Building C object CMakeFiles/cmTC_05fcb.dir/CheckSymbolExists.c.o
/usr/bin/cc     -o CMakeFiles/cmTC_05fcb.dir/CheckSymbolExists.c.o   -c /home/salaceri/robotica_ws/build/gazebo_tutorials/CMakeFiles/CMakeTmp/CheckSymbolExists.c
Linking C executable cmTC_05fcb
/usr/bin/cmake -E cmake_link_script CMakeFiles/cmTC_05fcb.dir/link.txt --verbose=1
/usr/bin/cc       CMakeFiles/cmTC_05fcb.dir/CheckSymbolExists.c.o  -o cmTC_05fcb -rdynamic 
CMakeFiles/cmTC_05fcb.dir/CheckSymbolExists.c.o: In function `main':
CheckSymbolExists.c:(.text+0x16): undefined reference to `pthread_create'
collect2: error: ld returned 1 exit status
CMakeFiles/cmTC_05fcb.dir/build.make:97: recipe for target 'cmTC_05fcb' failed
make[1]: *** [cmTC_05fcb] Error 1
make[1]: Leaving directory '/home/salaceri/robotica_ws/build/gazebo_tutorials/CMakeFiles/CMakeTmp'
Makefile:126: recipe for target 'cmTC_05fcb/fast' failed
make: *** [cmTC_05fcb/fast] Error 2

File /home/salaceri/robotica_ws/build/gazebo_tutorials/CMakeFiles/CMakeTmp/CheckSymbolExists.c:
/* */
#include <pthread.h>

int main(int argc, char** argv)
{
  (void)argv;
#ifndef pthread_create
  return ((int*)(&pthread_create))[argc];
#else
  (void)argc;
  return 0;
#endif
}

Determining if the function pthread_create exists in the pthreads failed with the following output:
Change Dir: /home/salaceri/robotica_ws/build/gazebo_tutorials/CMakeFiles/CMakeTmp

Run Build Command:"/usr/bin/make" "cmTC_c306a/fast"
/usr/bin/make -f CMakeFiles/cmTC_c306a.dir/build.make CMakeFiles/cmTC_c306a.dir/build
make[1]: Entering directory '/home/salaceri/robotica_ws/build/gazebo_tutorials/CMakeFiles/CMakeTmp'
Building C object CMakeFiles/cmTC_c306a.dir/CheckFunctionExists.c.o
/usr/bin/cc    -DCHECK_FUNCTION_EXISTS=pthread_create   -o CMakeFiles/cmTC_c306a.dir/CheckFunctionExists.c.o   -c /usr/share/cmake-3.5/Modules/CheckFunctionExists.c
Linking C executable cmTC_c306a
/usr/bin/cmake -E cmake_link_script CMakeFiles/cmTC_c306a.dir/link.txt --verbose=1
/usr/bin/cc   -DCHECK_FUNCTION_EXISTS=pthread_create    CMakeFiles/cmTC_c306a.dir/CheckFunctionExists.c.o  -o cmTC_c306a -rdynamic -lpthreads 
/usr/bin/ld: cannot find -lpthreads
collect2: error: ld returned 1 exit status
CMakeFiles/cmTC_c306a.dir/build.make:97: recipe for target 'cmTC_c306a' failed
make[1]: *** [cmTC_c306a] Error 1
make[1]: Leaving directory '/home/salaceri/robotica_ws/build/gazebo_tutorials/CMakeFiles/CMakeTmp'
Makefile:126: recipe for target 'cmTC_c306a/fast' failed
make: *** [cmTC_c306a/fast] Error 2


