Symlinking /home/salaceri/robotica_ws/devel/lib/pkgconfig/robot_pkg.pc
Symlinking /home/salaceri/robotica_ws/devel/lib/python2.7/dist-packages/robot_pkg/__init__.py
Symlinking /home/salaceri/robotica_ws/devel/lib/python2.7/dist-packages/robot_pkg/msg/_ARMarker.py
Symlinking /home/salaceri/robotica_ws/devel/lib/python2.7/dist-packages/robot_pkg/msg/_robotJointAction.py
Symlinking /home/salaceri/robotica_ws/devel/lib/python2.7/dist-packages/robot_pkg/msg/_robotPosition.py
Symlinking /home/salaceri/robotica_ws/devel/lib/python2.7/dist-packages/robot_pkg/msg/__init__.py
Symlinking /home/salaceri/robotica_ws/devel/include/robot_pkg/ARMarker.h
Symlinking /home/salaceri/robotica_ws/devel/include/robot_pkg/robotPosition.h
Symlinking /home/salaceri/robotica_ws/devel/include/robot_pkg/robotJointAction.h
Symlinking /home/salaceri/robotica_ws/devel/share/robot_pkg/cmake/robot_pkgConfig-version.cmake
Symlinking /home/salaceri/robotica_ws/devel/share/robot_pkg/cmake/robot_pkg-msg-extras.cmake
Symlinking /home/salaceri/robotica_ws/devel/share/robot_pkg/cmake/robot_pkg-msg-paths.cmake
Symlinking /home/salaceri/robotica_ws/devel/share/robot_pkg/cmake/robot_pkgConfig.cmake
Symlinking /home/salaceri/robotica_ws/devel/share/gennodejs/ros/robot_pkg/_index.js
Symlinking /home/salaceri/robotica_ws/devel/share/gennodejs/ros/robot_pkg/msg/ARMarker.js
Symlinking /home/salaceri/robotica_ws/devel/share/gennodejs/ros/robot_pkg/msg/robotJointAction.js
Symlinking /home/salaceri/robotica_ws/devel/share/gennodejs/ros/robot_pkg/msg/robotPosition.js
Symlinking /home/salaceri/robotica_ws/devel/share/gennodejs/ros/robot_pkg/msg/_index.js
Symlinking /home/salaceri/robotica_ws/devel/share/common-lisp/ros/robot_pkg/msg/_package_ARMarker.lisp
Symlinking /home/salaceri/robotica_ws/devel/share/common-lisp/ros/robot_pkg/msg/_package_robotJointAction.lisp
Symlinking /home/salaceri/robotica_ws/devel/share/common-lisp/ros/robot_pkg/msg/robot_pkg-msg.asd
Symlinking /home/salaceri/robotica_ws/devel/share/common-lisp/ros/robot_pkg/msg/robotPosition.lisp
Symlinking /home/salaceri/robotica_ws/devel/share/common-lisp/ros/robot_pkg/msg/_package.lisp
Symlinking /home/salaceri/robotica_ws/devel/share/common-lisp/ros/robot_pkg/msg/ARMarker.lisp
Symlinking /home/salaceri/robotica_ws/devel/share/common-lisp/ros/robot_pkg/msg/_package_robotPosition.lisp
Symlinking /home/salaceri/robotica_ws/devel/share/common-lisp/ros/robot_pkg/msg/robotJointAction.lisp
Symlinking /home/salaceri/robotica_ws/devel/share/roseus/ros/robot_pkg/manifest.l
Symlinking /home/salaceri/robotica_ws/devel/share/roseus/ros/robot_pkg/msg/ARMarker.l
Symlinking /home/salaceri/robotica_ws/devel/share/roseus/ros/robot_pkg/msg/robotJointAction.l
Symlinking /home/salaceri/robotica_ws/devel/share/roseus/ros/robot_pkg/msg/robotPosition.l
