Linked: (/home/salaceri/robotica_ws/devel/.private/robot_pkg/lib/pkgconfig/robot_pkg.pc, /home/salaceri/robotica_ws/devel/lib/pkgconfig/robot_pkg.pc)
Linked: (/home/salaceri/robotica_ws/devel/.private/robot_pkg/lib/python2.7/dist-packages/robot_pkg/__init__.py, /home/salaceri/robotica_ws/devel/lib/python2.7/dist-packages/robot_pkg/__init__.py)
Linked: (/home/salaceri/robotica_ws/devel/.private/robot_pkg/lib/python2.7/dist-packages/robot_pkg/msg/_ARMarker.py, /home/salaceri/robotica_ws/devel/lib/python2.7/dist-packages/robot_pkg/msg/_ARMarker.py)
Linked: (/home/salaceri/robotica_ws/devel/.private/robot_pkg/lib/python2.7/dist-packages/robot_pkg/msg/_robotJointAction.py, /home/salaceri/robotica_ws/devel/lib/python2.7/dist-packages/robot_pkg/msg/_robotJointAction.py)
Linked: (/home/salaceri/robotica_ws/devel/.private/robot_pkg/lib/python2.7/dist-packages/robot_pkg/msg/_robotPosition.py, /home/salaceri/robotica_ws/devel/lib/python2.7/dist-packages/robot_pkg/msg/_robotPosition.py)
Linked: (/home/salaceri/robotica_ws/devel/.private/robot_pkg/lib/python2.7/dist-packages/robot_pkg/msg/__init__.py, /home/salaceri/robotica_ws/devel/lib/python2.7/dist-packages/robot_pkg/msg/__init__.py)
Linked: (/home/salaceri/robotica_ws/devel/.private/robot_pkg/include/robot_pkg/ARMarker.h, /home/salaceri/robotica_ws/devel/include/robot_pkg/ARMarker.h)
Linked: (/home/salaceri/robotica_ws/devel/.private/robot_pkg/include/robot_pkg/robotPosition.h, /home/salaceri/robotica_ws/devel/include/robot_pkg/robotPosition.h)
Linked: (/home/salaceri/robotica_ws/devel/.private/robot_pkg/include/robot_pkg/robotJointAction.h, /home/salaceri/robotica_ws/devel/include/robot_pkg/robotJointAction.h)
Linked: (/home/salaceri/robotica_ws/devel/.private/robot_pkg/share/robot_pkg/cmake/robot_pkgConfig-version.cmake, /home/salaceri/robotica_ws/devel/share/robot_pkg/cmake/robot_pkgConfig-version.cmake)
Linked: (/home/salaceri/robotica_ws/devel/.private/robot_pkg/share/robot_pkg/cmake/robot_pkg-msg-extras.cmake, /home/salaceri/robotica_ws/devel/share/robot_pkg/cmake/robot_pkg-msg-extras.cmake)
Linked: (/home/salaceri/robotica_ws/devel/.private/robot_pkg/share/robot_pkg/cmake/robot_pkg-msg-paths.cmake, /home/salaceri/robotica_ws/devel/share/robot_pkg/cmake/robot_pkg-msg-paths.cmake)
Linked: (/home/salaceri/robotica_ws/devel/.private/robot_pkg/share/robot_pkg/cmake/robot_pkgConfig.cmake, /home/salaceri/robotica_ws/devel/share/robot_pkg/cmake/robot_pkgConfig.cmake)
Linked: (/home/salaceri/robotica_ws/devel/.private/robot_pkg/share/gennodejs/ros/robot_pkg/_index.js, /home/salaceri/robotica_ws/devel/share/gennodejs/ros/robot_pkg/_index.js)
Linked: (/home/salaceri/robotica_ws/devel/.private/robot_pkg/share/gennodejs/ros/robot_pkg/msg/ARMarker.js, /home/salaceri/robotica_ws/devel/share/gennodejs/ros/robot_pkg/msg/ARMarker.js)
Linked: (/home/salaceri/robotica_ws/devel/.private/robot_pkg/share/gennodejs/ros/robot_pkg/msg/robotJointAction.js, /home/salaceri/robotica_ws/devel/share/gennodejs/ros/robot_pkg/msg/robotJointAction.js)
Linked: (/home/salaceri/robotica_ws/devel/.private/robot_pkg/share/gennodejs/ros/robot_pkg/msg/robotPosition.js, /home/salaceri/robotica_ws/devel/share/gennodejs/ros/robot_pkg/msg/robotPosition.js)
Linked: (/home/salaceri/robotica_ws/devel/.private/robot_pkg/share/gennodejs/ros/robot_pkg/msg/_index.js, /home/salaceri/robotica_ws/devel/share/gennodejs/ros/robot_pkg/msg/_index.js)
Linked: (/home/salaceri/robotica_ws/devel/.private/robot_pkg/share/common-lisp/ros/robot_pkg/msg/_package_ARMarker.lisp, /home/salaceri/robotica_ws/devel/share/common-lisp/ros/robot_pkg/msg/_package_ARMarker.lisp)
Linked: (/home/salaceri/robotica_ws/devel/.private/robot_pkg/share/common-lisp/ros/robot_pkg/msg/_package_robotJointAction.lisp, /home/salaceri/robotica_ws/devel/share/common-lisp/ros/robot_pkg/msg/_package_robotJointAction.lisp)
Linked: (/home/salaceri/robotica_ws/devel/.private/robot_pkg/share/common-lisp/ros/robot_pkg/msg/robot_pkg-msg.asd, /home/salaceri/robotica_ws/devel/share/common-lisp/ros/robot_pkg/msg/robot_pkg-msg.asd)
Linked: (/home/salaceri/robotica_ws/devel/.private/robot_pkg/share/common-lisp/ros/robot_pkg/msg/robotPosition.lisp, /home/salaceri/robotica_ws/devel/share/common-lisp/ros/robot_pkg/msg/robotPosition.lisp)
Linked: (/home/salaceri/robotica_ws/devel/.private/robot_pkg/share/common-lisp/ros/robot_pkg/msg/_package.lisp, /home/salaceri/robotica_ws/devel/share/common-lisp/ros/robot_pkg/msg/_package.lisp)
Linked: (/home/salaceri/robotica_ws/devel/.private/robot_pkg/share/common-lisp/ros/robot_pkg/msg/ARMarker.lisp, /home/salaceri/robotica_ws/devel/share/common-lisp/ros/robot_pkg/msg/ARMarker.lisp)
Linked: (/home/salaceri/robotica_ws/devel/.private/robot_pkg/share/common-lisp/ros/robot_pkg/msg/_package_robotPosition.lisp, /home/salaceri/robotica_ws/devel/share/common-lisp/ros/robot_pkg/msg/_package_robotPosition.lisp)
Linked: (/home/salaceri/robotica_ws/devel/.private/robot_pkg/share/common-lisp/ros/robot_pkg/msg/robotJointAction.lisp, /home/salaceri/robotica_ws/devel/share/common-lisp/ros/robot_pkg/msg/robotJointAction.lisp)
Linked: (/home/salaceri/robotica_ws/devel/.private/robot_pkg/share/roseus/ros/robot_pkg/manifest.l, /home/salaceri/robotica_ws/devel/share/roseus/ros/robot_pkg/manifest.l)
Linked: (/home/salaceri/robotica_ws/devel/.private/robot_pkg/share/roseus/ros/robot_pkg/msg/ARMarker.l, /home/salaceri/robotica_ws/devel/share/roseus/ros/robot_pkg/msg/ARMarker.l)
Linked: (/home/salaceri/robotica_ws/devel/.private/robot_pkg/share/roseus/ros/robot_pkg/msg/robotJointAction.l, /home/salaceri/robotica_ws/devel/share/roseus/ros/robot_pkg/msg/robotJointAction.l)
Linked: (/home/salaceri/robotica_ws/devel/.private/robot_pkg/share/roseus/ros/robot_pkg/msg/robotPosition.l, /home/salaceri/robotica_ws/devel/share/roseus/ros/robot_pkg/msg/robotPosition.l)
