[35m[1mScanning dependencies of target sensor_msgs_generate_messages_nodejs[0m
[35m[1mScanning dependencies of target _robot_pkg_generate_messages_check_deps_robotJointAction[0m
[35m[1mScanning dependencies of target std_msgs_generate_messages_nodejs[0m
[35m[1mScanning dependencies of target geometry_msgs_generate_messages_nodejs[0m
[35m[1mScanning dependencies of target _robot_pkg_generate_messages_check_deps_ARMarker[0m
[35m[1mScanning dependencies of target _robot_pkg_generate_messages_check_deps_robotPosition[0m
[35m[1mScanning dependencies of target geometry_msgs_generate_messages_py[0m
[  0%] Built target geometry_msgs_generate_messages_py
[  0%] Built target geometry_msgs_generate_messages_nodejs
[  0%] Built target std_msgs_generate_messages_nodejs
[  0%] Built target sensor_msgs_generate_messages_nodejs
[35m[1mScanning dependencies of target std_msgs_generate_messages_py[0m
[35m[1mScanning dependencies of target std_msgs_generate_messages_lisp[0m
[35m[1mScanning dependencies of target sensor_msgs_generate_messages_py[0m
[35m[1mScanning dependencies of target geometry_msgs_generate_messages_lisp[0m
[  0%] Built target std_msgs_generate_messages_py
[  0%] Built target std_msgs_generate_messages_lisp
[  0%] Built target sensor_msgs_generate_messages_py
[  0%] Built target geometry_msgs_generate_messages_lisp
[  0%] Built target _robot_pkg_generate_messages_check_deps_ARMarker
[35m[1mScanning dependencies of target sensor_msgs_generate_messages_cpp[0m
[  0%] Built target _robot_pkg_generate_messages_check_deps_robotJointAction
[35m[1mScanning dependencies of target geometry_msgs_generate_messages_cpp[0m
[35m[1mScanning dependencies of target sensor_msgs_generate_messages_lisp[0m
[35m[1mScanning dependencies of target std_msgs_generate_messages_cpp[0m
[  0%] Built target _robot_pkg_generate_messages_check_deps_robotPosition
[35m[1mScanning dependencies of target sensor_msgs_generate_messages_eus[0m
[  0%] Built target sensor_msgs_generate_messages_cpp
[35m[1mScanning dependencies of target std_msgs_generate_messages_eus[0m
[  0%] Built target geometry_msgs_generate_messages_cpp
[  0%] Built target sensor_msgs_generate_messages_lisp
[  0%] Built target std_msgs_generate_messages_cpp
[35m[1mScanning dependencies of target geometry_msgs_generate_messages_eus[0m
[  0%] Built target sensor_msgs_generate_messages_eus
[  0%] Built target std_msgs_generate_messages_eus
[35m[1mScanning dependencies of target robot_pkg_generate_messages_nodejs[0m
[35m[1mScanning dependencies of target robot_pkg_generate_messages_py[0m
[35m[1mScanning dependencies of target robot_pkg_generate_messages_lisp[0m
[35m[1mScanning dependencies of target robot_pkg_generate_messages_cpp[0m
[  0%] Built target geometry_msgs_generate_messages_eus
[ 23%] [34m[1mGenerating Python from MSG robot_pkg/robotPosition[0m
[ 23%] [34m[1mGenerating Python from MSG robot_pkg/ARMarker[0m
[ 23%] [34m[1mGenerating Javascript code from robot_pkg/robotPosition.msg[0m
[ 23%] [34m[1mGenerating Javascript code from robot_pkg/ARMarker.msg[0m
[ 29%] [34m[1mGenerating Lisp code from robot_pkg/ARMarker.msg[0m
[ 35%] [34m[1mGenerating C++ code from robot_pkg/ARMarker.msg[0m
[ 41%] [34m[1mGenerating C++ code from robot_pkg/robotPosition.msg[0m
[ 47%] [34m[1mGenerating Lisp code from robot_pkg/robotJointAction.msg[0m
[ 52%] [34m[1mGenerating Lisp code from robot_pkg/robotPosition.msg[0m
[ 58%] [34m[1mGenerating Javascript code from robot_pkg/robotJointAction.msg[0m
[ 64%] [34m[1mGenerating Python from MSG robot_pkg/robotJointAction[0m
[ 64%] Built target robot_pkg_generate_messages_nodejs
[ 70%] [34m[1mGenerating C++ code from robot_pkg/robotJointAction.msg[0m
[ 70%] Built target robot_pkg_generate_messages_lisp
[35m[1mScanning dependencies of target robot_pkg_generate_messages_eus[0m
[ 76%] [34m[1mGenerating EusLisp code from robot_pkg/robotJointAction.msg[0m
[ 82%] [34m[1mGenerating EusLisp code from robot_pkg/ARMarker.msg[0m
[ 88%] [34m[1mGenerating EusLisp code from robot_pkg/robotPosition.msg[0m
[ 94%] [34m[1mGenerating EusLisp manifest code for robot_pkg[0m
[100%] [34m[1mGenerating Python msg __init__.py for robot_pkg[0m
[100%] Built target robot_pkg_generate_messages_cpp
[100%] Built target robot_pkg_generate_messages_py
[100%] Built target robot_pkg_generate_messages_eus
[35m[1mScanning dependencies of target robot_pkg_generate_messages[0m
[100%] Built target robot_pkg_generate_messages
